<?xml version="1.0" encoding="UTF-8"?>
<?xml-stylesheet type="text/xsl" href="ivy-report.xsl"?>
<ivy-report version="1.0">
	<info
		organisation="default"
		module="default-240ac7"
		revision="0.1-SNAPSHOT"
		extra-sbtVersion="0.12"
		extra-scalaVersion="2.9.2"
		conf="test"
		confs="compile, runtime, test, provided, optional, compile-internal, runtime-internal, test-internal, plugin, sources, docs, pom"
		date="20131113104657"/>
	<dependencies>
		<module organisation="com.typesafe.play" name="sbt-plugin">
			<revision name="2.2.0" error="not found" extra-sbtVersion="0.12" extra-scalaVersion="2.9.2" downloaded="false" searched="false" conf="default(compile)" position="-1">
				<caller organisation="default" name="default-240ac7" conf="test, compile, runtime" rev="2.2.0" rev-constraint-default="2.2.0" rev-constraint-dynamic="2.2.0" callerrev="0.1-SNAPSHOT" extra-sbtVersion="0.12" extra-scalaVersion="2.9.2"/>
				<artifacts>
				</artifacts>
			</revision>
		</module>
	</dependencies>
</ivy-report>
